This is pdfTeX, Version 3.141592653-2.6-1.40.22 (TeX Live 2022/dev/Debian) (preloaded format=pdflatex 2023.3.18)  31 MAR 2023 15:18
entering extended mode
 restricted \write18 enabled.
 file:line:error style messages enabled.
 %&-line parsing enabled.
**/home/buzgalbraith/work/school/spring_2023/Machine_Learning_spring_2023/homework/homework_5/hw5.tex
(/home/buzgalbraith/work/school/spring_2023/Machine_Learning_spring_2023/homework/homework_5/hw5.tex
LaTeX2e <2021-11-15> patch level 1
L3 programming layer <2022-01-21> (/usr/share/texlive/texmf-dist/tex/latex/base/article.cls
Document Class: article 2021/10/04 v1.4n Standard LaTeX document class
(/usr/share/texlive/texmf-dist/tex/latex/base/size10.clo
File: size10.clo 2021/10/04 v1.4n Standard LaTeX file (size option)
)
\c@part=\count185
\c@section=\count186
\c@subsection=\count187
\c@subsubsection=\count188
\c@paragraph=\count189
\c@subparagraph=\count190
\c@figure=\count191
\c@table=\count192
\abovecaptionskip=\skip47
\belowcaptionskip=\skip48
\bibindent=\dimen138
) (/usr/share/texlive/texmf-dist/tex/latex/graphics/graphicx.sty
Package: graphicx 2021/09/16 v1.2d Enhanced LaTeX Graphics (DPC,SPQR)
 (/usr/share/texlive/texmf-dist/tex/latex/graphics/keyval.sty
Package: keyval 2014/10/28 v1.15 key=value parser (DPC)
\KV@toks@=\toks16
) (/usr/share/texlive/texmf-dist/tex/latex/graphics/graphics.sty
Package: graphics 2021/03/04 v1.4d Standard LaTeX Graphics (DPC,SPQR)
 (/usr/share/texlive/texmf-dist/tex/latex/graphics/trig.sty
Package: trig 2021/08/11 v1.11 sin cos tan (DPC)
) (/usr/share/texlive/texmf-dist/tex/latex/graphics-cfg/graphics.cfg
File: graphics.cfg 2016/06/04 v1.11 sample graphics configuration
)
Package graphics Info: Driver file: pdftex.def on input line 107.
 (/usr/share/texlive/texmf-dist/tex/latex/graphics-def/pdftex.def
File: pdftex.def 2020/10/05 v1.2a Graphics/color driver for pdftex
))
\Gin@req@height=\dimen139
\Gin@req@width=\dimen140
) (/usr/share/texlive/texmf-dist/tex/latex/amsmath/amsmath.sty
Package: amsmath 2021/10/15 v2.17l AMS math features
\@mathmargin=\skip49

For additional information on amsmath, use the `?' option.
(/usr/share/texlive/texmf-dist/tex/latex/amsmath/amstext.sty
Package: amstext 2021/08/26 v2.01 AMS text
 (/usr/share/texlive/texmf-dist/tex/latex/amsmath/amsgen.sty
File: amsgen.sty 1999/11/30 v2.0 generic functions
\@emptytoks=\toks17
\ex@=\dimen141
)) (/usr/share/texlive/texmf-dist/tex/latex/amsmath/amsbsy.sty
Package: amsbsy 1999/11/29 v1.2d Bold Symbols
\pmbraise@=\dimen142
) (/usr/share/texlive/texmf-dist/tex/latex/amsmath/amsopn.sty
Package: amsopn 2021/08/26 v2.02 operator names
)
\inf@bad=\count193
LaTeX Info: Redefining \frac on input line 234.
\uproot@=\count194
\leftroot@=\count195
LaTeX Info: Redefining \overline on input line 399.
\classnum@=\count196
\DOTSCASE@=\count197
LaTeX Info: Redefining \ldots on input line 496.
LaTeX Info: Redefining \dots on input line 499.
LaTeX Info: Redefining \cdots on input line 620.
\Mathstrutbox@=\box50
\strutbox@=\box51
\big@size=\dimen143
LaTeX Font Info:    Redeclaring font encoding OML on input line 743.
LaTeX Font Info:    Redeclaring font encoding OMS on input line 744.
\macc@depth=\count198
\c@MaxMatrixCols=\count199
\dotsspace@=\muskip16
\c@parentequation=\count266
\dspbrk@lvl=\count267
\tag@help=\toks18
\row@=\count268
\column@=\count269
\maxfields@=\count270
\andhelp@=\toks19
\eqnshift@=\dimen144
\alignsep@=\dimen145
\tagshift@=\dimen146
\tagwidth@=\dimen147
\totwidth@=\dimen148
\lineht@=\dimen149
\@envbody=\toks20
\multlinegap=\skip50
\multlinetaggap=\skip51
\mathdisplay@stack=\toks21
LaTeX Info: Redefining \[ on input line 2938.
LaTeX Info: Redefining \] on input line 2939.
) (/usr/share/texlive/texmf-dist/tex/latex/amscls/amsthm.sty
Package: amsthm 2020/05/29 v2.20.6
\thm@style=\toks22
\thm@bodyfont=\toks23
\thm@headfont=\toks24
\thm@notefont=\toks25
\thm@headpunct=\toks26
\thm@preskip=\skip52
\thm@postskip=\skip53
\thm@headsep=\skip54
\dth@everypar=\toks27
) (/usr/share/texlive/texmf-dist/tex/latex/amsfonts/amssymb.sty
Package: amssymb 2013/01/14 v3.01 AMS font symbols
 (/usr/share/texlive/texmf-dist/tex/latex/amsfonts/amsfonts.sty
Package: amsfonts 2013/01/14 v3.01 Basic AMSFonts support
\symAMSa=\mathgroup4
\symAMSb=\mathgroup5
LaTeX Font Info:    Redeclaring math symbol \hbar on input line 98.
LaTeX Font Info:    Overwriting math alphabet `\mathfrak' in version `bold'
(Font)                  U/euf/m/n --> U/euf/b/n on input line 106.
)) (/usr/share/texlive/texmf-dist/tex/latex/fancyhdr/fancyhdr.sty
Package: fancyhdr 2021/01/28 v4.0.1 Extensive control of page headers and footers
\f@nch@headwidth=\skip55
\f@nch@O@elh=\skip56
\f@nch@O@erh=\skip57
\f@nch@O@olh=\skip58
\f@nch@O@orh=\skip59
\f@nch@O@elf=\skip60
\f@nch@O@erf=\skip61
\f@nch@O@olf=\skip62
\f@nch@O@orf=\skip63
) (/usr/share/texlive/texmf-dist/tex/latex/hyperref/hyperref.sty
Package: hyperref 2021-06-07 v7.00m Hypertext links for LaTeX
 (/usr/share/texlive/texmf-dist/tex/generic/ltxcmds/ltxcmds.sty
Package: ltxcmds 2020-05-10 v1.25 LaTeX kernel commands for general use (HO)
) (/usr/share/texlive/texmf-dist/tex/generic/iftex/iftex.sty
Package: iftex 2020/03/06 v1.0d TeX engine tests
) (/usr/share/texlive/texmf-dist/tex/generic/pdftexcmds/pdftexcmds.sty
Package: pdftexcmds 2020-06-27 v0.33 Utility functions of pdfTeX for LuaTeX (HO)
 (/usr/share/texlive/texmf-dist/tex/generic/infwarerr/infwarerr.sty
Package: infwarerr 2019/12/03 v1.5 Providing info/warning/error messages (HO)
)
Package pdftexcmds Info: \pdf@primitive is available.
Package pdftexcmds Info: \pdf@ifprimitive is available.
Package pdftexcmds Info: \pdfdraftmode found.
) (/usr/share/texlive/texmf-dist/tex/generic/kvsetkeys/kvsetkeys.sty
Package: kvsetkeys 2019/12/15 v1.18 Key value parser (HO)
) (/usr/share/texlive/texmf-dist/tex/generic/kvdefinekeys/kvdefinekeys.sty
Package: kvdefinekeys 2019-12-19 v1.6 Define keys (HO)
) (/usr/share/texlive/texmf-dist/tex/generic/pdfescape/pdfescape.sty
Package: pdfescape 2019/12/09 v1.15 Implements pdfTeX's escape features (HO)
) (/usr/share/texlive/texmf-dist/tex/latex/hycolor/hycolor.sty
Package: hycolor 2020-01-27 v1.10 Color options for hyperref/bookmark (HO)
) (/usr/share/texlive/texmf-dist/tex/latex/letltxmacro/letltxmacro.sty
Package: letltxmacro 2019/12/03 v1.6 Let assignment for LaTeX macros (HO)
) (/usr/share/texlive/texmf-dist/tex/latex/auxhook/auxhook.sty
Package: auxhook 2019-12-17 v1.6 Hooks for auxiliary files (HO)
) (/usr/share/texlive/texmf-dist/tex/latex/kvoptions/kvoptions.sty
Package: kvoptions 2020-10-07 v3.14 Key value format for package options (HO)
)
\@linkdim=\dimen150
\Hy@linkcounter=\count271
\Hy@pagecounter=\count272
 (/usr/share/texlive/texmf-dist/tex/latex/hyperref/pd1enc.def
File: pd1enc.def 2021-06-07 v7.00m Hyperref: PDFDocEncoding definition (HO)
Now handling font encoding PD1 ...
... no UTF-8 mapping file for font encoding PD1
) (/usr/share/texlive/texmf-dist/tex/latex/hyperref/hyperref-langpatches.def
File: hyperref-langpatches.def 2021-06-07 v7.00m Hyperref: patches for babel languages
) (/usr/share/texlive/texmf-dist/tex/generic/intcalc/intcalc.sty
Package: intcalc 2019/12/15 v1.3 Expandable calculations with integers (HO)
) (/usr/share/texlive/texmf-dist/tex/generic/etexcmds/etexcmds.sty
Package: etexcmds 2019/12/15 v1.7 Avoid name clashes with e-TeX commands (HO)
)
\Hy@SavedSpaceFactor=\count273
 (/usr/share/texlive/texmf-dist/tex/latex/hyperref/puenc.def
File: puenc.def 2021-06-07 v7.00m Hyperref: PDF Unicode definition (HO)
Now handling font encoding PU ...
... no UTF-8 mapping file for font encoding PU
)
Package hyperref Info: Hyper figures OFF on input line 4192.
Package hyperref Info: Link nesting OFF on input line 4197.
Package hyperref Info: Hyper index ON on input line 4200.
Package hyperref Info: Plain pages OFF on input line 4207.
Package hyperref Info: Backreferencing OFF on input line 4212.
Package hyperref Info: Implicit mode ON; LaTeX internals redefined.
Package hyperref Info: Bookmarks ON on input line 4445.
\c@Hy@tempcnt=\count274
 (/usr/share/texlive/texmf-dist/tex/latex/url/url.sty
\Urlmuskip=\muskip17
Package: url 2013/09/16  ver 3.4  Verb mode for urls, etc.
)
LaTeX Info: Redefining \url on input line 4804.
\XeTeXLinkMargin=\dimen151
 (/usr/share/texlive/texmf-dist/tex/generic/bitset/bitset.sty
Package: bitset 2019/12/09 v1.3 Handle bit-vector datatype (HO)
 (/usr/share/texlive/texmf-dist/tex/generic/bigintcalc/bigintcalc.sty
Package: bigintcalc 2019/12/15 v1.5 Expandable calculations on big integers (HO)
))
\Fld@menulength=\count275
\Field@Width=\dimen152
\Fld@charsize=\dimen153
Package hyperref Info: Hyper figures OFF on input line 6076.
Package hyperref Info: Link nesting OFF on input line 6081.
Package hyperref Info: Hyper index ON on input line 6084.
Package hyperref Info: backreferencing OFF on input line 6091.
Package hyperref Info: Link coloring OFF on input line 6096.
Package hyperref Info: Link coloring with OCG OFF on input line 6101.
Package hyperref Info: PDF/A mode OFF on input line 6106.
LaTeX Info: Redefining \ref on input line 6146.
LaTeX Info: Redefining \pageref on input line 6150.
 (/usr/share/texlive/texmf-dist/tex/latex/base/atbegshi-ltx.sty
Package: atbegshi-ltx 2021/01/10 v1.0c Emulation of the original atbegshi
package with kernel methods
)
\Hy@abspage=\count276
\c@Item=\count277
\c@Hfootnote=\count278
)
Package hyperref Info: Driver (autodetected): hpdftex.
 (/usr/share/texlive/texmf-dist/tex/latex/hyperref/hpdftex.def
File: hpdftex.def 2021-06-07 v7.00m Hyperref driver for pdfTeX
 (/usr/share/texlive/texmf-dist/tex/latex/base/atveryend-ltx.sty
Package: atveryend-ltx 2020/08/19 v1.0a Emulation of the original atveryend package
with kernel methods
)
\Fld@listcount=\count279
\c@bookmark@seq@number=\count280
 (/usr/share/texlive/texmf-dist/tex/latex/rerunfilecheck/rerunfilecheck.sty
Package: rerunfilecheck 2019/12/05 v1.9 Rerun checks for auxiliary files (HO)
 (/usr/share/texlive/texmf-dist/tex/generic/uniquecounter/uniquecounter.sty
Package: uniquecounter 2019/12/15 v1.4 Provide unlimited unique counter (HO)
)
Package uniquecounter Info: New unique counter `rerunfilecheck' on input line 286.
)
\Hy@SectionHShift=\skip64
) (/usr/share/texlive/texmf-dist/tex/latex/xcolor/xcolor.sty
Package: xcolor 2021/10/31 v2.13 LaTeX color extensions (UK)
 (/usr/share/texlive/texmf-dist/tex/latex/graphics-cfg/color.cfg
File: color.cfg 2016/01/02 v1.6 sample color configuration
)
Package xcolor Info: Driver file: pdftex.def on input line 227.
Package xcolor Info: Model `cmy' substituted by `cmy0' on input line 1352.
Package xcolor Info: Model `hsb' substituted by `rgb' on input line 1356.
Package xcolor Info: Model `RGB' extended on input line 1368.
Package xcolor Info: Model `HTML' substituted by `rgb' on input line 1370.
Package xcolor Info: Model `Hsb' substituted by `hsb' on input line 1371.
Package xcolor Info: Model `tHsb' substituted by `hsb' on input line 1372.
Package xcolor Info: Model `HSB' substituted by `hsb' on input line 1373.
Package xcolor Info: Model `Gray' substituted by `gray' on input line 1374.
Package xcolor Info: Model `wave' substituted by `hsb' on input line 1375.
 (/usr/share/texlive/texmf-dist/tex/latex/graphics/dvipsnam.def
File: dvipsnam.def 2016/06/17 v3.0m Driver-dependent file (DPC,SPQR)
)) (/usr/share/texlive/texmf-dist/tex/latex/enumitem/enumitem.sty
Package: enumitem 2019/06/20 v3.9 Customized lists
\labelindent=\skip65
\enit@outerparindent=\dimen154
\enit@toks=\toks28
\enit@inbox=\box52
\enit@count@id=\count281
\enitdp@description=\count282
) (/usr/share/texlive/texmf-dist/tex/latex/minted/minted.sty
Package: minted 2021/12/24 v2.6 Yet another Pygments shim for LaTeX
 (/usr/share/texlive/texmf-dist/tex/latex/fvextra/fvextra.sty
Package: fvextra 2019/02/04 v1.4 fvextra - extensions and patches for fancyvrb
 (/usr/share/texlive/texmf-dist/tex/latex/base/ifthen.sty
Package: ifthen 2020/11/24 v1.1c Standard LaTeX ifthen package (DPC)
) (/usr/share/texlive/texmf-dist/tex/latex/etoolbox/etoolbox.sty
Package: etoolbox 2020/10/05 v2.5k e-TeX tools for LaTeX (JAW)
\etb@tempcnta=\count283
) (/usr/share/texlive/texmf-dist/tex/latex/fancyvrb/fancyvrb.sty
Package: fancyvrb 2021/12/21 4.1b verbatim text (tvz,hv)
\FV@CodeLineNo=\count284
\FV@InFile=\read2
\FV@TabBox=\box53
\c@FancyVerbLine=\count285
\FV@StepNumber=\count286
\FV@OutFile=\write3
) (/usr/share/texlive/texmf-dist/tex/latex/upquote/upquote.sty
Package: upquote 2012/04/19 v1.3 upright-quote and grave-accent glyphs in verbatim
) (/usr/share/texlive/texmf-dist/tex/latex/lineno/lineno.sty
Package: lineno 2005/11/02 line numbers on paragraphs v4.41
\linenopenalty=\count287
\output=\toks29
\linenoprevgraf=\count288
\linenumbersep=\dimen155
\linenumberwidth=\dimen156
\c@linenumber=\count289
\c@pagewiselinenumber=\count290
\c@LN@truepage=\count291
\c@internallinenumber=\count292
\c@internallinenumbers=\count293
\quotelinenumbersep=\dimen157
\bframerule=\dimen158
\bframesep=\dimen159
\bframebox=\box54
LaTeX Info: Redefining \\ on input line 3056.
)
\c@FV@TrueTabGroupLevel=\count294
\c@FV@TrueTabCounter=\count295
\FV@TabBox@Group=\box55
\FV@TmpLength=\skip66
\c@FV@HighlightLinesStart=\count296
\c@FV@HighlightLinesStop=\count297
\FV@LoopCount=\count298
\FV@NCharsBox=\box56
\FV@BreakIndent=\dimen160
\FV@BreakIndentNChars=\count299
\FV@BreakSymbolSepLeft=\dimen161
\FV@BreakSymbolSepLeftNChars=\count300
\FV@BreakSymbolSepRight=\dimen162
\FV@BreakSymbolSepRightNChars=\count301
\FV@BreakSymbolIndentLeft=\dimen163
\FV@BreakSymbolIndentLeftNChars=\count302
\FV@BreakSymbolIndentRight=\dimen164
\FV@BreakSymbolIndentRightNChars=\count303
\c@FancyVerbLineBreakLast=\count304
\FV@LineBox=\box57
\FV@LineIndentBox=\box58
\FV@LineWidth=\dimen165
) (/usr/share/texlive/texmf-dist/tex/latex/tools/calc.sty
Package: calc 2017/05/25 v4.3 Infix arithmetic (KKT,FJ)
\calc@Acount=\count305
\calc@Bcount=\count306
\calc@Adimen=\dimen166
\calc@Bdimen=\dimen167
\calc@Askip=\skip67
\calc@Bskip=\skip68
LaTeX Info: Redefining \setlength on input line 80.
LaTeX Info: Redefining \addtolength on input line 81.
\calc@Ccount=\count307
\calc@Cskip=\skip69
) (/usr/share/texlive/texmf-dist/tex/latex/tools/shellesc.sty
Package: shellesc 2019/11/08 v1.0c unified shell escape interface for LaTeX
Package shellesc Info: Restricted shell escape enabled on input line 77.
) (/usr/share/texlive/texmf-dist/tex/latex/ifplatform/ifplatform.sty
Package: ifplatform 2017/10/13 v0.4a Testing for the operating system
 (/usr/share/texlive/texmf-dist/tex/generic/catchfile/catchfile.sty
Package: catchfile 2019/12/09 v1.8 Catch the contents of a file (HO)
) (/usr/share/texlive/texmf-dist/tex/generic/iftex/ifluatex.sty
Package: ifluatex 2019/10/25 v1.5 ifluatex legacy package. Use iftex instead.
)

Package ifplatform Warning: 
    shell escape is disabled, so I can only detect \ifwindows.

) (/usr/share/texlive/texmf-dist/tex/generic/xstring/xstring.sty (/usr/share/texlive/texmf-dist/tex/generic/xstring/xstring.tex
\integerpart=\count308
\decimalpart=\count309
)
Package: xstring 2021/07/21 v1.84 String manipulations (CT)
) (/usr/share/texlive/texmf-dist/tex/latex/framed/framed.sty
Package: framed 2011/10/22 v 0.96: framed or shaded text with page breaks
\OuterFrameSep=\skip70
\fb@frw=\dimen168
\fb@frh=\dimen169
\FrameRule=\dimen170
\FrameSep=\dimen171
) (/usr/share/texlive/texmf-dist/tex/latex/float/float.sty
Package: float 2001/11/08 v1.3d Float enhancements (AL)
\c@float@type=\count310
\float@exts=\toks30
\float@box=\box59
\@float@everytoks=\toks31
\@floatcapt=\box60
)
\minted@appexistsfile=\read3
\minted@bgbox=\box61
\minted@code=\write4
\c@minted@FancyVerbLineTemp=\count311
\c@minted@pygmentizecounter=\count312
\@float@every@listing=\toks32
\c@listing=\count313
)
runsystem(mkdir -p _minted-hw5)...disabled (restricted).



/home/buzgalbraith/work/school/spring_2023/Machine_Learning_spring_2023/homework/homework_5/hw5.tex:12: Package minted Error: You must invoke LaTeX with the -shell-escape flag.

See the minted package documentation for explanation.
Type  H <return>  for immediate help.
 ...                                              
                                                  
l.12 \input
           {math_commands}
Pass the -shell-escape flag to LaTeX. Refer to the minted.sty documentation for more information.

(./math_commands.tex (/usr/share/texlive/texmf-dist/tex/latex/tools/bm.sty
Package: bm 2021/04/25 v1.2e Bold Symbol Support (DPC/FMi)
\symboldoperators=\mathgroup6
\symboldletters=\mathgroup7
\symboldsymbols=\mathgroup8
Package bm Info: No bold for \OMX/cmex/m/n, using \pmb.
Package bm Info: No bold for \U/msa/m/n, using \pmb.
Package bm Info: No bold for \U/msb/m/n, using \pmb.
LaTeX Font Info:    Redeclaring math alphabet \mathbf on input line 149.
) (/usr/share/texlive/texmf-dist/tex/latex/bbm-macros/bbm.sty
Package: bbm 1999/03/15 V 1.2 provides fonts for set symbols - TH
LaTeX Font Info:    Overwriting math alphabet `\mathbbm' in version `bold'
(Font)                  U/bbm/m/n --> U/bbm/bx/n on input line 33.
LaTeX Font Info:    Overwriting math alphabet `\mathbbmss' in version `bold'
(Font)                  U/bbmss/m/n --> U/bbmss/bx/n on input line 35.
)
LaTeX Font Info:    Overwriting math alphabet `\mathsfit' in version `bold'
(Font)                  OT1/cmss/m/sl --> OT1/cmss/bx/n on input line 406.
)
   defining Unicode char U+2212 (decimal 8722)
runsystem(which pygmentize && touch hw5.aex)...disabled (restricted).



/home/buzgalbraith/work/school/spring_2023/Machine_Learning_spring_2023/homework/homework_5/hw5.tex:42: Package minted Error: You must have `pygmentize' installed to use this package.

See the minted package documentation for explanation.
Type  H <return>  for immediate help.
 ...                                              
                                                  
l.42 \begin{document}
                     
Refer to the installation instructions in the minted documentation for more information.

(/usr/share/texlive/texmf-dist/tex/latex/l3backend/l3backend-pdftex.def
File: l3backend-pdftex.def 2022-01-12 L3 backend support: PDF output (pdfTeX)
\l__color_backend_stack_int=\count314
\l__pdf_internal_box=\box62
) (./hw5.aux)
\openout1 = `hw5.aux'.

LaTeX Font Info:    Checking defaults for OML/cmm/m/it on input line 42.
LaTeX Font Info:    ... okay on input line 42.
LaTeX Font Info:    Checking defaults for OMS/cmsy/m/n on input line 42.
LaTeX Font Info:    ... okay on input line 42.
LaTeX Font Info:    Checking defaults for OT1/cmr/m/n on input line 42.
LaTeX Font Info:    ... okay on input line 42.
LaTeX Font Info:    Checking defaults for T1/cmr/m/n on input line 42.
LaTeX Font Info:    ... okay on input line 42.
LaTeX Font Info:    Checking defaults for TS1/cmr/m/n on input line 42.
LaTeX Font Info:    ... okay on input line 42.
LaTeX Font Info:    Checking defaults for OMX/cmex/m/n on input line 42.
LaTeX Font Info:    ... okay on input line 42.
LaTeX Font Info:    Checking defaults for U/cmr/m/n on input line 42.
LaTeX Font Info:    ... okay on input line 42.
LaTeX Font Info:    Checking defaults for PD1/pdf/m/n on input line 42.
LaTeX Font Info:    ... okay on input line 42.
LaTeX Font Info:    Checking defaults for PU/pdf/m/n on input line 42.
LaTeX Font Info:    ... okay on input line 42.
 (/usr/share/texlive/texmf-dist/tex/context/base/mkii/supp-pdf.mkii
[Loading MPS to PDF converter (version 2006.09.02).]
\scratchcounter=\count315
\scratchdimen=\dimen172
\scratchbox=\box63
\nofMPsegments=\count316
\nofMParguments=\count317
\everyMPshowfont=\toks33
\MPscratchCnt=\count318
\MPscratchDim=\dimen173
\MPnumerator=\count319
\makeMPintoPDFobject=\count320
\everyMPtoPDFconversion=\toks34
) (/usr/share/texlive/texmf-dist/tex/latex/epstopdf-pkg/epstopdf-base.sty
Package: epstopdf-base 2020-01-24 v2.11 Base part for package epstopdf
Package epstopdf-base Info: Redefining graphics rule for `.eps' on input line 485.
 (/usr/share/texlive/texmf-dist/tex/latex/latexconfig/epstopdf-sys.cfg
File: epstopdf-sys.cfg 2010/07/13 v1.3 Configuration of (r)epstopdf for TeX Live
))
Package hyperref Info: Link coloring OFF on input line 42.
 (/usr/share/texlive/texmf-dist/tex/latex/hyperref/nameref.sty
Package: nameref 2021-04-02 v2.47 Cross-referencing by name of section
 (/usr/share/texlive/texmf-dist/tex/latex/refcount/refcount.sty
Package: refcount 2019/12/15 v3.6 Data extraction from label references (HO)
) (/usr/share/texlive/texmf-dist/tex/generic/gettitlestring/gettitlestring.sty
Package: gettitlestring 2019/12/15 v1.6 Cleanup title references (HO)
)
\c@section@level=\count321
)
LaTeX Info: Redefining \ref on input line 42.
LaTeX Info: Redefining \pageref on input line 42.
LaTeX Info: Redefining \nameref on input line 42.
\@outlinefile=\write5
\openout5 = `hw5.out'.

\c@saveenum=\count322

Underfull \hbox (badness 10000) in paragraph at lines 70--71

 []

LaTeX Font Info:    Trying to load font information for U+msa on input line 72.
(/usr/share/texlive/texmf-dist/tex/latex/amsfonts/umsa.fd
File: umsa.fd 2013/01/14 v3.01 AMS symbols A
)
LaTeX Font Info:    Trying to load font information for U+msb on input line 72.
 (/usr/share/texlive/texmf-dist/tex/latex/amsfonts/umsb.fd
File: umsb.fd 2013/01/14 v3.01 AMS symbols B
)
Overfull \hbox (44.94965pt too wide) in paragraph at lines 94--95
\OT1/cmr/m/n/10 in-for-ma-tion we have about our prior this be-comes $\OML/cmm/m/it/10 f[]\OT1/cmr/m/n/10 (\OML/cmm/m/it/10 x\OT1/cmr/m/n/10 ) = (2\OML/cmm/m/it/10 ^^Y\OT1/cmr/m/n/10 )[]\OML/cmm/m/it/10 det\OT1/cmr/m/n/10 (^^F)[]\OML/cmm/m/it/10 e[] \OT1/cmr/m/n/10 =
 []

[1{/var/lib/texmf/fonts/map/pdftex/updmap/pdftex.map}

]
Overfull \hbox (42.22606pt too wide) in paragraph at lines 109--110
[]\OT1/cmr/m/n/10 as we showed in the last ques-tion our pos-te-rior can be writ-ten as $\OML/cmm/m/it/10 P\OT1/cmr/m/n/10 (\OML/cmm/m/it/10 w\OMS/cmsy/m/n/10 jD\OT1/cmr/m/n/10 ) \OMS/cmsy/m/n/10 / \OML/cmm/m/it/10 e[]$ 
 []


Overfull \hbox (4.83954pt too wide) in paragraph at lines 114--115
\OML/cmm/m/it/10 argmax[] \OMS/cmsy/m/n/10 2 \OML/cmm/m/it/10 log\OT1/cmr/m/n/10 (\OMS/cmsy/m/n/10 L[]\OT1/cmr/m/n/10 (\OML/cmm/m/it/10 w\OT1/cmr/m/n/10 )) = \OML/cmm/m/it/10 argmax[]\OT1/cmr/m/n/10 ^^F[](\OML/cmm/m/it/10 y[] \OT1/cmr/m/n/10 + 1)\OML/cmm/m/it/10 log\OT1/cmr/m/n/10 (\OML/cmm/m/it/10 f\OT1/cmr/m/n/10 (\OML/cmm/m/it/10 w[]x[]\OT1/cmr/m/n/10 )) + (\OML/cmm/m/it/10 y[] \OMS/cmsy/m/n/10 ^^@ \OT1/cmr/m/n/10 1)\OML/cmm/m/it/10 log\OT1/cmr/m/n/10 (1 \OMS/cmsy/m/n/10 ^^@ \OML/cmm/m/it/10 f\OT1/cmr/m/n/10 (\OML/cmm/m/it/10 w[]x[]\OT1/cmr/m/n/10 )) +
 []

/home/buzgalbraith/work/school/spring_2023/Machine_Learning_spring_2023/homework/homework_5/hw5.tex:117: Undefined control sequence.
l.117 ...{\lambda}\Rightarrow \Sigma^{-1}w=\lambad
                                                   w$ and thus we will achiv...
The control sequence at the end of the top line
of your error message was never \def'ed. If you have
misspelled it (e.g., `\hobx'), type `I' and the correct
spelling (e.g., `I\hbox'). Otherwise just continue,
and I'll forget about whatever was undefined.

[2]
Overfull \hbox (34.03773pt too wide) in paragraph at lines 159--160
[]\OT1/cmr/m/n/10 with this in mind we can write $\OMS/cmsy/m/n/10 L[]\OT1/cmr/m/n/10 (\OML/cmm/m/it/10 ^^R[]; ^^R[]\OT1/cmr/m/n/10 ) = ^^E[]\OML/cmm/m/it/10 P\OT1/cmr/m/n/10 (\OML/cmm/m/it/10 x[]\OMS/cmsy/m/n/10 j\OML/cmm/m/it/10 ^^R[]; ^^R[]\OT1/cmr/m/n/10 ) = \OML/cmm/m/it/10 P\OT1/cmr/m/n/10 (\OML/cmm/m/it/10 x[] \OT1/cmr/m/n/10 = \OML/cmm/m/it/10 h\OMS/cmsy/m/n/10 j\OML/cmm/m/it/10 ^^R[]; ^^R[]\OT1/cmr/m/n/10 )[]\OML/cmm/m/it/10 P\OT1/cmr/m/n/10 (\OML/cmm/m/it/10 x[] \OT1/cmr/m/n/10 =
 []


Overfull \hbox (10.51152pt too wide) in paragraph at lines 159--160
\OML/cmm/m/it/10 t\OMS/cmsy/m/n/10 j\OML/cmm/m/it/10 ^^R[]; ^^R[]\OT1/cmr/m/n/10 )[] = (\OML/cmm/m/it/10 P\OT1/cmr/m/n/10 (\OML/cmm/m/it/10 x[] \OT1/cmr/m/n/10 = \OML/cmm/m/it/10 h\OMS/cmsy/m/n/10 j\OML/cmm/m/it/10 z[] \OT1/cmr/m/n/10 = \OML/cmm/m/it/10 h^^R[]; ^^R[]\OT1/cmr/m/n/10 )\OML/cmm/m/it/10 P\OT1/cmr/m/n/10 (\OML/cmm/m/it/10 z[] \OT1/cmr/m/n/10 = \OML/cmm/m/it/10 h\OMS/cmsy/m/n/10 j\OML/cmm/m/it/10 ^^R[]; ^^R[]\OT1/cmr/m/n/10 ) + \OML/cmm/m/it/10 P\OT1/cmr/m/n/10 (\OML/cmm/m/it/10 x[] \OT1/cmr/m/n/10 = \OML/cmm/m/it/10 h\OMS/cmsy/m/n/10 j\OML/cmm/m/it/10 z[] \OT1/cmr/m/n/10 = \OML/cmm/m/it/10 T; ^^R[]; ^^R[]\OT1/cmr/m/n/10 )\OML/cmm/m/it/10 P\OT1/cmr/m/n/10 (\OML/cmm/m/it/10 z[] \OT1/cmr/m/n/10 =
 []


Overfull \hbox (8.08563pt too wide) in paragraph at lines 159--160
\OML/cmm/m/it/10 T\OMS/cmsy/m/n/10 j\OML/cmm/m/it/10 ^^R[]; ^^R[]\OT1/cmr/m/n/10 )[](\OML/cmm/m/it/10 P\OT1/cmr/m/n/10 (\OML/cmm/m/it/10 x[] \OT1/cmr/m/n/10 = \OML/cmm/m/it/10 t\OMS/cmsy/m/n/10 j\OML/cmm/m/it/10 ; z[] \OT1/cmr/m/n/10 = \OML/cmm/m/it/10 h; ^^R[]; ^^R[]\OT1/cmr/m/n/10 )\OML/cmm/m/it/10 P\OT1/cmr/m/n/10 (\OML/cmm/m/it/10 z[] \OT1/cmr/m/n/10 = \OML/cmm/m/it/10 h\OMS/cmsy/m/n/10 j\OML/cmm/m/it/10 ^^R[]; ^^R[]\OT1/cmr/m/n/10 ) + \OML/cmm/m/it/10 P\OT1/cmr/m/n/10 (\OML/cmm/m/it/10 x[] \OT1/cmr/m/n/10 = \OML/cmm/m/it/10 t\OMS/cmsy/m/n/10 j\OML/cmm/m/it/10 ; z[] \OT1/cmr/m/n/10 = \OML/cmm/m/it/10 t; ^^R[]; ^^R[]\OT1/cmr/m/n/10 )\OML/cmm/m/it/10 P\OT1/cmr/m/n/10 (\OML/cmm/m/it/10 z[] \OT1/cmr/m/n/10 =
 []


Overfull \hbox (10.73053pt too wide) detected at line 165
\OML/cmm/m/it/10 `\OT1/cmr/m/n/10 (\OML/cmm/m/it/10 ^^R[]; ^^R[]\OT1/cmr/m/n/10 ) = \OML/cmm/m/it/10 log\OT1/cmr/m/n/10 (\OMS/cmsy/m/n/10 L[]\OT1/cmr/m/n/10 (\OML/cmm/m/it/10 ^^R[]; ^^R[]\OT1/cmr/m/n/10 ) = \OML/cmm/m/it/10 c[]log\OT1/cmr/m/n/10 (\OML/cmm/m/it/10 ^^R[]\OT1/cmr/m/n/10 ) + \OML/cmm/m/it/10 c[]log\OT1/cmr/m/n/10 (1 \OMS/cmsy/m/n/10 ^^@ \OML/cmm/m/it/10 ^^R[]\OT1/cmr/m/n/10 ) + \OML/cmm/m/it/10 n[]log\OT1/cmr/m/n/10 (\OML/cmm/m/it/10 ^^R[]^^R[]\OT1/cmr/m/n/10 ) + \OML/cmm/m/it/10 n[]log\OT1/cmr/m/n/10 (1 \OMS/cmsy/m/n/10 ^^@ \OML/cmm/m/it/10 ^^R[]^^R[]\OT1/cmr/m/n/10 )
 []

[3]
/home/buzgalbraith/work/school/spring_2023/Machine_Learning_spring_2023/homework/homework_5/hw5.tex:181: Undefined control sequence.
<argument> \parital 
                    \ell (\theta _1)
l.181 ...arital \ell(\theta_1)}{\partial \theta_1}
                                                  =\frac{c_h}{\theta_1}-\fra...
The control sequence at the end of the top line
of your error message was never \def'ed. If you have
misspelled it (e.g., `\hobx'), type `I' and the correct
spelling (e.g., `I\hbox'). Otherwise just continue,
and I'll forget about whatever was undefined.


Overfull \hbox (24.30814pt too wide) in paragraph at lines 207--208
[]\OT1/cmr/m/n/10 then us-ing what we de-rived in the last sec-tion and above we can write $\OML/cmm/m/it/10 P\OT1/cmr/m/n/10 (\OML/cmm/m/it/10 ^^R[]; ^^R[]\OMS/cmsy/m/n/10 jD[]\OML/cmm/m/it/10 ; \OMS/cmsy/m/n/10 D[]\OT1/cmr/m/n/10 ) \OMS/cmsy/m/n/10 /
 []


Overfull \hbox (28.87718pt too wide) in paragraph at lines 207--208
\OML/cmm/m/it/10 P\OT1/cmr/m/n/10 (\OMS/cmsy/m/n/10 D[]\OML/cmm/m/it/10 ; \OMS/cmsy/m/n/10 D[]j\OML/cmm/m/it/10 ^^R[]; ^^R[]\OT1/cmr/m/n/10 )\OML/cmm/m/it/10 P\OT1/cmr/m/n/10 (\OML/cmm/m/it/10 ^^R[]\OT1/cmr/m/n/10 )\OML/cmm/m/it/10 P\OT1/cmr/m/n/10 (\OML/cmm/m/it/10 ^^R[]\OT1/cmr/m/n/10 ) = \OML/cmm/m/it/10 ^^R[]\OT1/cmr/m/n/10 (1 \OMS/cmsy/m/n/10 ^^@ \OML/cmm/m/it/10 ^^R[]\OT1/cmr/m/n/10 )[](\OML/cmm/m/it/10 ^^R[]^^R[]\OT1/cmr/m/n/10 )[](1 \OMS/cmsy/m/n/10 ^^@ \OML/cmm/m/it/10 ^^R[]^^R[]\OT1/cmr/m/n/10 )[](\OML/cmm/m/it/10 ^^R[]\OT1/cmr/m/n/10 )[](1 \OMS/cmsy/m/n/10 ^^@ \OML/cmm/m/it/10 ^^R[]\OT1/cmr/m/n/10 )[]\OML/cmm/m/it/10 P\OT1/cmr/m/n/10 (\OML/cmm/m/it/10 ^^R[]\OT1/cmr/m/n/10 ) =
 []


Overfull \hbox (25.56361pt too wide) in paragraph at lines 209--210
\OT1/cmr/m/n/10 more sim-ple and sta-ble $\OML/cmm/m/it/10 log\OT1/cmr/m/n/10 (\OML/cmm/m/it/10 P\OT1/cmr/m/n/10 (\OML/cmm/m/it/10 ^^R[]; ^^R[]\OMS/cmsy/m/n/10 jD[]\OML/cmm/m/it/10 ; \OMS/cmsy/m/n/10 D[]\OT1/cmr/m/n/10 )) \OMS/cmsy/m/n/10 / \OML/cmm/m/it/10 log\OT1/cmr/m/n/10 ((\OML/cmm/m/it/10 ^^R[]\OT1/cmr/m/n/10 )[](1 \OMS/cmsy/m/n/10 ^^@ \OML/cmm/m/it/10 ^^R[]\OT1/cmr/m/n/10 )[](\OML/cmm/m/it/10 ^^R[]^^R[]\OT1/cmr/m/n/10 )[](1 \OMS/cmsy/m/n/10 ^^@
 []


Overfull \hbox (2.8156pt too wide) in paragraph at lines 209--210
\OML/cmm/m/it/10 ^^R[]^^R[]\OT1/cmr/m/n/10 )[]\OML/cmm/m/it/10 P\OT1/cmr/m/n/10 (\OML/cmm/m/it/10 ^^R[]\OT1/cmr/m/n/10 ) \OMS/cmsy/m/n/10 / \OT1/cmr/m/n/10 (\OML/cmm/m/it/10 ^^R[]\OT1/cmr/m/n/10 )[](1 \OMS/cmsy/m/n/10 ^^@ \OML/cmm/m/it/10 ^^R[]\OT1/cmr/m/n/10 )[](\OML/cmm/m/it/10 ^^R[]^^R[]\OT1/cmr/m/n/10 )[](1 \OMS/cmsy/m/n/10 ^^@ \OML/cmm/m/it/10 ^^R[]^^R[]\OT1/cmr/m/n/10 )[]) = (\OML/cmm/m/it/10 h \OMS/cmsy/m/n/10 ^^@ \OT1/cmr/m/n/10 1 + \OML/cmm/m/it/10 c[]\OT1/cmr/m/n/10 )\OML/cmm/m/it/10 log\OT1/cmr/m/n/10 (\OML/cmm/m/it/10 ^^R[]\OT1/cmr/m/n/10 ) +
 []

[4]
/home/buzgalbraith/work/school/spring_2023/Machine_Learning_spring_2023/homework/homework_5/hw5.tex:212: Undefined control sequence.
l.212 ...are looking to optimize that is $j(\theat
                                                  _1, \theta_2)=argmax_{\the...
The control sequence at the end of the top line
of your error message was never \def'ed. If you have
misspelled it (e.g., `\hobx'), type `I' and the correct
spelling (e.g., `I\hbox'). Otherwise just continue,
and I'll forget about whatever was undefined.


Overfull \hbox (5.32332pt too wide) in paragraph at lines 212--213
[]\OT1/cmr/m/n/10 so call $\OML/cmm/m/it/10 j\OT1/cmr/m/n/10 (\OML/cmm/m/it/10 ^^R[]; ^^R[]\OT1/cmr/m/n/10 )$the func-tion we are look-ing to op-ti-mize that is $\OML/cmm/m/it/10 j\OT1/cmr/m/n/10 ([]\OML/cmm/m/it/10 ; ^^R[]\OT1/cmr/m/n/10 ) = \OML/cmm/m/it/10 argmax[]\OT1/cmr/m/n/10 (\OML/cmm/m/it/10 h \OMS/cmsy/m/n/10 ^^@
 []

/home/buzgalbraith/work/school/spring_2023/Machine_Learning_spring_2023/homework/homework_5/hw5.tex:234: Double subscript.
<argument> t+h+2+c_h_
                     c_t
l.234 ...theta_1^{*}=\frac{h-1+c_h}{t+h+2+c_h_c_t}
                                                  $
I treat `x_1_2' essentially like `x_1{}_2'.

/home/buzgalbraith/work/school/spring_2023/Machine_Learning_spring_2023/homework/homework_5/hw5.tex:234: Double subscript.
<argument> t+h+2+c_h_c_
                       t
l.234 ...theta_1^{*}=\frac{h-1+c_h}{t+h+2+c_h_c_t}
                                                  $
I treat `x_1_2' essentially like `x_1{}_2'.

[5]
Overfull \hbox (28.76772pt too wide) in paragraph at lines 281--283
[]\OT1/cmr/m/n/10 Give an ex-pres-sion for a mini-batch sub-gra-di-ent, based on the points $(\OML/cmm/m/it/10 x[]; y[]\OT1/cmr/m/n/10 )\OML/cmm/m/it/10 ; [] ; []$\OT1/cmr/m/n/10 . 
 []


Underfull \hbox (badness 10000) in paragraph at lines 289--290

 []

LaTeX Font Info:    Trying to load font information for U+bbm on input line 291.
(/usr/share/texlive/texmf-dist/tex/latex/bbm-macros/ubbm.fd
File: ubbm.fd 1999/03/15 V 1.2 Font definition for bbm font - TH
)
Underfull \hbox (badness 10000) in paragraph at lines 315--316

 []


Underfull \hbox (badness 10000) in paragraph at lines 330--331

 []

[6] [7] (./hw5.aux)

Package rerunfilecheck Warning: File `hw5.out' has changed.
(rerunfilecheck)                Rerun to get outlines right
(rerunfilecheck)                or use package `bookmark'.

Package rerunfilecheck Info: Checksums for `hw5.out':
(rerunfilecheck)             Before: <no file>
(rerunfilecheck)             After:  5F6879317A1AC8134DDCB8D92A9F4719;471.
 ) 
Here is how much of TeX's memory you used:
 14292 strings out of 478287
 232282 string characters out of 5849289
 588886 words of memory out of 5000000
 32254 multiletter control sequences out of 15000+600000
 476224 words of font info for 55 fonts, out of 8000000 for 9000
 1141 hyphenation exceptions out of 8191
 61i,6n,67p,727b,674s stack positions out of 5000i,500n,10000p,200000b,80000s
 </home/buzgalbraith/.texlive2021/texmf-var/fonts/pk/ljfour/public/bbm/bbm10.600pk>{/usr/share/texmf/fonts/enc/dvips/cm-super/cm-super-ts1.enc}</usr/share/texlive/texmf-dist/fonts/type1/public/amsfonts/cm/cmbx10.pfb></usr/share/texlive/texmf-dist/fonts/type1/public/amsfonts/cm/cmbx12.pfb></usr/share/texlive/texmf-dist/fonts/type1/public/amsfonts/cm/cmex10.pfb></usr/share/texlive/texmf-dist/fonts/type1/public/amsfonts/cm/cmmi10.pfb></usr/share/texlive/texmf-dist/fonts/type1/public/amsfonts/cm/cmmi5.pfb></usr/share/texlive/texmf-dist/fonts/type1/public/amsfonts/cm/cmmi7.pfb></usr/share/texlive/texmf-dist/fonts/type1/public/amsfonts/cm/cmr10.pfb></usr/share/texlive/texmf-dist/fonts/type1/public/amsfonts/cm/cmr12.pfb></usr/share/texlive/texmf-dist/fonts/type1/public/amsfonts/cm/cmr5.pfb></usr/share/texlive/texmf-dist/fonts/type1/public/amsfonts/cm/cmr7.pfb></usr/share/texlive/texmf-dist/fonts/type1/public/amsfonts/cm/cmsl10.pfb></usr/share/texlive/texmf-dist/fonts/type1/public/amsfonts/cm/cmsy10.pfb></usr/share/texlive/texmf-dist/fonts/type1/public/amsfonts/cm/cmsy5.pfb></usr/share/texlive/texmf-dist/fonts/type1/public/amsfonts/cm/cmsy7.pfb></usr/share/texlive/texmf-dist/fonts/type1/public/amsfonts/cm/cmti10.pfb></usr/share/texlive/texmf-dist/fonts/type1/public/amsfonts/cm/cmtt10.pfb></usr/share/texlive/texmf-dist/fonts/type1/public/amsfonts/symbols/msbm10.pfb></usr/share/texlive/texmf-dist/fonts/type1/public/amsfonts/symbols/msbm7.pfb></usr/share/texmf/fonts/type1/public/cm-super/sfrm1000.pfb>
Output written on hw5.pdf (7 pages, 240689 bytes).
PDF statistics:
 169 PDF objects out of 1000 (max. 8388607)
 119 compressed objects within 2 object streams
 28 named destinations out of 1000 (max. 500000)
 1 words of extra memory for PDF output out of 10000 (max. 10000000)

